Using pre-set license
Built from '2021.3/staging' branch; Version is '2021.3.11f1 (0a5ca18544bf) revision 679073'; Using compiler version '192829333'; Build Type 'Release'
OS: 'Windows 10  (10.0.19044) 64bit Core' Language: 'pl' Physical Memory: 24514 MB
BatchMode: 1, IsHumanControllingUs: 0, StartBugReporterOnCrash: 0, Is64bit: 1, IsPro: 1

COMMAND LINE ARGUMENTS:
D:\unityhub\2021.3.11f1\Editor\Unity.exe
-adb2
-batchMode
-noUpm
-name
AssetImportWorker0
-projectPath
D:/unityhub/proj/My project
-logFile
Logs/AssetImportWorker0.log
-srvPort
58744
Successfully changed project path to: D:/unityhub/proj/My project
D:/unityhub/proj/My project
[UnityMemory] Configuration Parameters - Can be set up in boot.config
    "memorysetup-bucket-allocator-granularity=16"
    "memorysetup-bucket-allocator-bucket-count=8"
    "memorysetup-bucket-allocator-block-size=33554432"
    "memorysetup-bucket-allocator-block-count=8"
    "memorysetup-main-allocator-block-size=16777216"
    "memorysetup-thread-allocator-block-size=16777216"
    "memorysetup-gfx-main-allocator-block-size=16777216"
    "memorysetup-gfx-thread-allocator-block-size=16777216"
    "memorysetup-cache-allocator-block-size=4194304"
    "memorysetup-typetree-allocator-block-size=2097152"
    "memorysetup-profiler-bucket-allocator-granularity=16"
    "memorysetup-profiler-bucket-allocator-bucket-count=8"
    "memorysetup-profiler-bucket-allocator-block-size=33554432"
    "memorysetup-profiler-bucket-allocator-block-count=8"
    "memorysetup-profiler-allocator-block-size=16777216"
    "memorysetup-profiler-editor-allocator-block-size=1048576"
    "memorysetup-temp-allocator-size-main=16777216"
    "memorysetup-job-temp-allocator-block-size=2097152"
    "memorysetup-job-temp-allocator-block-size-background=1048576"
    "memorysetup-job-temp-allocator-reduction-small-platforms=262144"
    "memorysetup-temp-allocator-size-background-worker=32768"
    "memorysetup-temp-allocator-size-job-worker=262144"
    "memorysetup-temp-allocator-size-preload-manager=33554432"
    "memorysetup-temp-allocator-size-nav-mesh-worker=65536"
    "memorysetup-temp-allocator-size-audio-worker=65536"
    "memorysetup-temp-allocator-size-cloud-worker=32768"
    "memorysetup-temp-allocator-size-gi-baking-worker=262144"
    "memorysetup-temp-allocator-size-gfx=262144"
Refreshing native plugins compatible for Editor in 166.59 ms, found 13 plugins.
Preloading 1 native plugins for Editor in 0.86 ms.
Initialize engine version: 2021.3.11f1 (0a5ca18544bf)
[Subsystems] Discovering subsystems at path D:/unityhub/2021.3.11f1/Editor/Data/Resources/UnitySubsystems
[Subsystems] Discovering subsystems at path D:/unityhub/proj/My project/Assets
GfxDevice: creating device client; threaded=0; jobified=0
Direct3D:
    Version:  Direct3D 11.0 [level 11.1]
    Renderer: NVIDIA GeForce GTX 1050 Ti (ID=0x1c82)
    Vendor:   NVIDIA
    VRAM:     4019 MB
    Driver:   31.0.15.1748
Initialize mono
Mono path[0] = 'D:/unityhub/2021.3.11f1/Editor/Data/Managed'
Mono path[1] = 'D:/unityhub/2021.3.11f1/Editor/Data/MonoBleedingEdge/lib/mono/unityjit-win32'
Mono config path = 'D:/unityhub/2021.3.11f1/Editor/Data/MonoBleedingEdge/etc'
Using monoOptions --debugger-agent=transport=dt_socket,embedding=1,server=y,suspend=n,address=127.0.0.1:56020
Begin MonoManager ReloadAssembly
Registering precompiled unity dll's ...
Register platform support module: D:/unityhub/2021.3.11f1/Editor/Data/PlaybackEngines/WindowsStandaloneSupport/UnityEditor.WindowsStandalone.Extensions.dll
Registered in 0.007261 seconds.
Native extension for WindowsStandalone target not found
Refreshing native plugins compatible for Editor in 143.13 ms, found 13 plugins.
Preloading 1 native plugins for Editor in 0.08 ms.
Mono: successfully reloaded assembly
- Completed reload, in  0.914 seconds
Domain Reload Profiling:
	ReloadAssembly (915ms)
		BeginReloadAssembly (108ms)
			ExecutionOrderSort (0ms)
			DisableScriptedObjects (0ms)
			BackupInstance (0ms)
			ReleaseScriptingObjects (0ms)
			CreateAndSetChildDomain (1ms)
		EndReloadAssembly (651ms)
			LoadAssemblies (107ms)
			RebuildTransferFunctionScriptingTraits (0ms)
			SetupTypeCache (157ms)
			ReleaseScriptCaches (0ms)
			RebuildScriptCaches (38ms)
			SetupLoadedEditorAssemblies (392ms)
				LogAssemblyErrors (0ms)
				InitializePlatformSupportModulesInManaged (9ms)
				SetLoadedEditorAssemblies (0ms)
				RefreshPlugins (143ms)
				BeforeProcessingInitializeOnLoad (2ms)
				ProcessInitializeOnLoadAttributes (178ms)
				ProcessInitializeOnLoadMethodAttributes (59ms)
				AfterProcessingInitializeOnLoad (0ms)
				EditorAssembliesLoaded (0ms)
			ExecutionOrderSort2 (0ms)
			AwakeInstancesAfterBackupRestoration (0ms)
Platform modules already initialized, skipping
Registering precompiled user dll's ...
Registered in 0.021970 seconds.
Begin MonoManager ReloadAssembly
Symbol file LoadedFromMemory is not a mono symbol file
Symbol file LoadedFromMemory is not a mono symbol file
Symbol file LoadedFromMemory is not a mono symbol file
Symbol file LoadedFromMemory doesn't match image D:\unityhub\proj\My project\Library\PackageCache\com.unity.visualscripting@1.7.8\Editor\VisualScripting.Core\Dependencies\DotNetZip\Unity.VisualScripting.IonicZip.dll
Symbol file LoadedFromMemory is not a mono symbol file
Symbol file LoadedFromMemory is not a mono symbol file
Symbol file LoadedFromMemory is not a mono symbol file
Symbol file LoadedFromMemory is not a mono symbol file
Symbol file LoadedFromMemory doesn't match image D:\unityhub\proj\My project\Library\PackageCache\com.unity.visualscripting@1.7.8\Editor\VisualScripting.Core\Dependencies\YamlDotNet\Unity.VisualScripting.YamlDotNet.dll
Symbol file LoadedFromMemory is not a mono symbol file
Symbol file LoadedFromMemory is not a mono symbol file
Symbol file LoadedFromMemory is not a mono symbol file
Symbol file LoadedFromMemory is not a mono symbol file
Native extension for WindowsStandalone target not found
Refreshing native plugins compatible for Editor in 145.94 ms, found 13 plugins.
Preloading 1 native plugins for Editor in 0.08 ms.
System.Exception: Error! Visual Scripting: couldn't find visual scripting package
  at Unity.VisualScripting.PackageVersionUtility.get_version () [0x00043] in D:\unityhub\proj\My project\Library\PackageCache\com.unity.visualscripting@1.7.8\Editor\VisualScripting.Core\Utilities\PackageVersionUtility.cs:31 
  at Unity.VisualScripting.BoltCoreManifest.get_version () [0x00000] in D:\unityhub\proj\My project\Library\PackageCache\com.unity.visualscripting@1.7.8\Editor\VisualScripting.Core\Plugin\BoltCoreManifest.cs:11 
  at Unity.VisualScripting.PluginManifest.get_currentVersion () [0x00000] in D:\unityhub\proj\My project\Library\PackageCache\com.unity.visualscripting@1.7.8\Editor\VisualScripting.Core\Plugins\PluginManifest.cs:33 
  at Unity.VisualScripting.PluginManifest.get_versionMismatch () [0x00000] in D:\unityhub\proj\My project\Library\PackageCache\com.unity.visualscripting@1.7.8\Editor\VisualScripting.Core\Plugins\PluginManifest.cs:48 
  at Unity.VisualScripting.PluginContainer.Initialize () [0x00525] in D:\unityhub\proj\My project\Library\PackageCache\com.unity.visualscripting@1.7.8\Editor\VisualScripting.Core\Plugins\PluginContainer.cs:208 
  at Unity.VisualScripting.PluginContainer.InitializeOnLoad () [0x00009] in D:\unityhub\proj\My project\Library\PackageCache\com.unity.visualscripting@1.7.8\Editor\VisualScripting.Core\Plugins\PluginContainer.cs:32 
  at Unity.VisualScripting.VSUsageUtility.DoInitializeOnLoadCalls () [0x00034] in D:\unityhub\proj\My project\Library\PackageCache\com.unity.visualscripting@1.7.8\Editor\VisualScripting.Core\Utilities\VSUsageUtility.cs:76 
  at Unity.VisualScripting.VSUsageUtility.set_isVisualScriptingUsed (System.Boolean value) [0x0002c] in D:\unityhub\proj\My project\Library\PackageCache\com.unity.visualscripting@1.7.8\Editor\VisualScripting.Core\Utilities\VSUsageUtility.cs:114 
  at Unity.VisualScripting.VSUsageUtility.CheckAndSetIsVisualScriptingUsed () [0x00032] in D:\unityhub\proj\My project\Library\PackageCache\com.unity.visualscripting@1.7.8\Editor\VisualScripting.Core\Utilities\VSUsageUtility.cs:48 
  at Unity.VisualScripting.VSUsageUtility..cctor () [0x00000] in D:\unityhub\proj\My project\Library\PackageCache\com.unity.visualscripting@1.7.8\Editor\VisualScripting.Core\Utilities\VSUsageUtility.cs:22 
UnityEngine.StackTraceUtility:ExtractStackTrace ()
UnityEngine.DebugLogHandler:LogFormat (UnityEngine.LogType,UnityEngine.Object,string,object[])
UnityEngine.Logger:Log (UnityEngine.LogType,object)
UnityEngine.Debug:LogError (object)
UnityEditor.EditorAssemblies:ProcessInitializeOnLoadAttributes (System.Type[])

Package Manager log level set to [2]
System.Reflection.TargetInvocationException: Exception has been thrown by the target of an invocation. ---> System.NullReferenceException: Object reference not set to an instance of an object
  at Unity.XR.Oculus.OculusLoader.AssetPathToAbsolutePath (System.String assetPath) [0x0003d] in D:\unityhub\proj\My project\Library\PackageCache\com.unity.xr.oculus@3.0.2\Runtime\OculusLoader.cs:271 
  at Unity.XR.Oculus.OculusLoader.EditorLoadOVRPlugin () [0x0007b] in D:\unityhub\proj\My project\Library\PackageCache\com.unity.xr.oculus@3.0.2\Runtime\OculusLoader.cs:256 
  at (wrapper managed-to-native) System.Reflection.RuntimeMethodInfo.InternalInvoke(System.Reflection.RuntimeMethodInfo,object,object[],System.Exception&)
  at System.Reflection.RuntimeMethodInfo.Invoke (System.Object obj, System.Reflection.BindingFlags invokeAttr, System.Reflection.Binder binder, System.Object[] parameters, System.Globalization.CultureInfo culture) [0x0006a] in <9aad1b3a47484d63ba2b3985692d80e9>:0 
   --- End of inner exception stack trace ---
  at System.Reflection.RuntimeMethodInfo.Invoke (System.Object obj, System.Reflection.BindingFlags invokeAttr, System.Reflection.Binder binder, System.Object[] parameters, System.Globalization.CultureInfo culture) [0x00083] in <9aad1b3a47484d63ba2b3985692d80e9>:0 
  at System.Reflection.MethodBase.Invoke (System.Object obj, System.Object[] parameters) [0x00000] in <9aad1b3a47484d63ba2b3985692d80e9>:0 
  at UnityEditor.EditorAssemblies.ProcessInitializeOnLoadMethodAttributes () [0x000a5] in <4e64905d831f4883a53259ef37fb023b>:0 
UnityEngine.StackTraceUtility:ExtractStackTrace ()
UnityEngine.DebugLogHandler:LogFormat (UnityEngine.LogType,UnityEngine.Object,string,object[])
UnityEngine.Logger:Log (UnityEngine.LogType,object)
UnityEngine.Debug:LogError (object)
UnityEditor.EditorAssemblies:ProcessInitializeOnLoadMethodAttributes ()

Mono: successfully reloaded assembly
- Completed reload, in  2.693 seconds
Domain Reload Profiling:
	ReloadAssembly (2694ms)
		BeginReloadAssembly (162ms)
			ExecutionOrderSort (0ms)
			DisableScriptedObjects (7ms)
			BackupInstance (0ms)
			ReleaseScriptingObjects (0ms)
			CreateAndSetChildDomain (31ms)
		EndReloadAssembly (2375ms)
			LoadAssemblies (156ms)
			RebuildTransferFunctionScriptingTraits (0ms)
			SetupTypeCache (439ms)
			ReleaseScriptCaches (1ms)
			RebuildScriptCaches (115ms)
			SetupLoadedEditorAssemblies (1625ms)
				LogAssemblyErrors (0ms)
				InitializePlatformSupportModulesInManaged (5ms)
				SetLoadedEditorAssemblies (0ms)
				RefreshPlugins (146ms)
				BeforeProcessingInitializeOnLoad (157ms)
				ProcessInitializeOnLoadAttributes (1183ms)
				ProcessInitializeOnLoadMethodAttributes (128ms)
				AfterProcessingInitializeOnLoad (5ms)
				EditorAssembliesLoaded (0ms)
			ExecutionOrderSort2 (0ms)
			AwakeInstancesAfterBackupRestoration (6ms)
Platform modules already initialized, skipping
========================================================================
Worker process is ready to serve import requests
Launched and connected shader compiler UnityShaderCompiler.exe after 0.13 seconds
Refreshing native plugins compatible for Editor in 4.90 ms, found 13 plugins.
Preloading 1 native plugins for Editor in 0.15 ms.
Unloading 6280 Unused Serialized files (Serialized files now loaded: 0)
Unloading 77 unused Assets / (0.9 MB). Loaded Objects now: 6788.
Memory consumption went from 250.5 MB to 249.5 MB.
Total: 450.050800 ms (FindLiveObjects: 1.558400 ms CreateObjectMapping: 2.473100 ms MarkObjects: 444.878800 ms  DeleteObjects: 1.130200 ms)

AssetImportParameters requested are different than current active one (requested -> active):
  custom:video-decoder-ogg-theora: a1e56fd34408186e4bbccfd4996cb3dc -> 
  custom:container-muxer-webm: aa71ff27fc2769a1b78a27578f13a17b -> 
  custom:container-demuxer-webm: 4f35f7cbe854078d1ac9338744f61a02 -> 
  custom:video-encoder-webm-vp8: eb34c28f22e8b96e1ab97ce403110664 -> 
  custom:audio-encoder-webm-vorbis: bf7c407c2cedff20999df2af8eb42d56 -> 
  custom:framework-win-MediaFoundation: 216162199b28c13a410421893ffa2e32 -> 
  custom:container-demuxer-ogg: 62fdf1f143b41e24485cea50d1cbac27 -> 
  custom:video-decoder-webm-vp8: 9c59270c3fd7afecdb556c50c9e8de78 -> 
  custom:audio-decoder-ogg-vorbis: bf7c407c2cedff20999df2af8eb42d56 -> 
========================================================================
Received Import Request.
  Time since last request: 92293.045668 seconds.
  path: Assets/Projekt/stuttgart_suburbs_8k.hdr
  artifactKey: Guid(6ab1921159145904ca67207f16d7f7c4) Importer(815301076,1909f56bfc062723c751e8b465ee728b)
Start importing Assets/Projekt/stuttgart_suburbs_8k.hdr using Guid(6ab1921159145904ca67207f16d7f7c4) Importer(815301076,1909f56bfc062723c751e8b465ee728b)  -> (artifact id: '310a3c68f314d1500ae86886e3ecc3ca') in 0.212778 seconds 
========================================================================
Received Import Request.
  Time since last request: 167.234397 seconds.
  path: Assets/Projekt/stuttgart_suburbs_8k.hdr
  artifactKey: Guid(6ab1921159145904ca67207f16d7f7c4) Importer(815301076,1909f56bfc062723c751e8b465ee728b)
Start importing Assets/Projekt/stuttgart_suburbs_8k.hdr using Guid(6ab1921159145904ca67207f16d7f7c4) Importer(815301076,1909f56bfc062723c751e8b465ee728b)  -> (artifact id: '6d0f702df960f3f9585a7c9580f021eb') in 0.242339 seconds 
========================================================================
Received Import Request.
  Time since last request: 140.222398 seconds.
  path: Assets/Projekt/Skybox.mat
  artifactKey: Guid(fc55948a69977734487115be9774fec9) Importer(815301076,1909f56bfc062723c751e8b465ee728b)
Start importing Assets/Projekt/Skybox.mat using Guid(fc55948a69977734487115be9774fec9) Importer(815301076,1909f56bfc062723c751e8b465ee728b)  -> (artifact id: '8156f41025d29843487618e9f26e16e5') in 0.108327 seconds 
========================================================================
Received Import Request.
  Time since last request: 418.652130 seconds.
  path: Assets/Projekt/Skybox.mat
  artifactKey: Guid(fc55948a69977734487115be9774fec9) Importer(815301076,1909f56bfc062723c751e8b465ee728b)
Start importing Assets/Projekt/Skybox.mat using Guid(fc55948a69977734487115be9774fec9) Importer(815301076,1909f56bfc062723c751e8b465ee728b)  -> (artifact id: 'a314fb5aff2f5cba90c80d254556f7ca') in 0.220382 seconds 
========================================================================
Received Import Request.
  Time since last request: 139.200568 seconds.
  path: Assets/Projekt/pochylniaofc.fbx
  artifactKey: Guid(167d29b879a723845b62f4a1ed4b460d) Importer(815301076,1909f56bfc062723c751e8b465ee728b)
Start importing Assets/Projekt/pochylniaofc.fbx using Guid(167d29b879a723845b62f4a1ed4b460d) Importer(815301076,1909f56bfc062723c751e8b465ee728b)  -> (artifact id: 'af3775181f30d36031d863cb9a14ad84') in 0.337445 seconds 
========================================================================
Received Import Request.
  Time since last request: 42.440423 seconds.
  path: Assets/Projekt/pochylniaofc.fbx
  artifactKey: Guid(167d29b879a723845b62f4a1ed4b460d) Importer(815301076,1909f56bfc062723c751e8b465ee728b)
Start importing Assets/Projekt/pochylniaofc.fbx using Guid(167d29b879a723845b62f4a1ed4b460d) Importer(815301076,1909f56bfc062723c751e8b465ee728b)  -> (artifact id: '4576355faef213ee9dc91c238dad2770') in 0.334369 seconds 
========================================================================
Received Import Request.
  Time since last request: 152.758267 seconds.
  path: Assets/Projekt/pochylniaofc.fbx
  artifactKey: Guid(167d29b879a723845b62f4a1ed4b460d) Importer(815301076,1909f56bfc062723c751e8b465ee728b)
Start importing Assets/Projekt/pochylniaofc.fbx using Guid(167d29b879a723845b62f4a1ed4b460d) Importer(815301076,1909f56bfc062723c751e8b465ee728b)  -> (artifact id: 'be4a9920f098c719dad9d8128694e99f') in 0.042120 seconds 
========================================================================
Received Import Request.
  Time since last request: 211.939646 seconds.
  path: Assets/Projekt/pochylniaofc.fbx
  artifactKey: Guid(167d29b879a723845b62f4a1ed4b460d) Importer(815301076,1909f56bfc062723c751e8b465ee728b)
Start importing Assets/Projekt/pochylniaofc.fbx using Guid(167d29b879a723845b62f4a1ed4b460d) Importer(815301076,1909f56bfc062723c751e8b465ee728b)  -> (artifact id: '88fdde524d2c29f62af90a8c656f04a0') in 0.029627 seconds 
========================================================================
Received Import Request.
  Time since last request: 242.698157 seconds.
  path: Assets/Projekt/pochylniaofc.fbx
  artifactKey: Guid(167d29b879a723845b62f4a1ed4b460d) Importer(815301076,1909f56bfc062723c751e8b465ee728b)
Start importing Assets/Projekt/pochylniaofc.fbx using Guid(167d29b879a723845b62f4a1ed4b460d) Importer(815301076,1909f56bfc062723c751e8b465ee728b)  -> (artifact id: 'e0d85a546957142f05d5d8dd64594319') in 0.029097 seconds 
========================================================================
Received Import Request.
  Time since last request: 2030.266221 seconds.
  path: Assets/Projekt/podnosnikofc.fbx
  artifactKey: Guid(17c32ea7ccfffe54ba7ff1e49b13b637) Importer(815301076,1909f56bfc062723c751e8b465ee728b)
Start importing Assets/Projekt/podnosnikofc.fbx using Guid(17c32ea7ccfffe54ba7ff1e49b13b637) Importer(815301076,1909f56bfc062723c751e8b465ee728b)  -> (artifact id: '6f03a4324341abca3ccc78cbeb45e25d') in 0.065705 seconds 
========================================================================
Received Import Request.
  Time since last request: 85.926346 seconds.
  path: Assets/Projekt/podnosnikofc.fbx
  artifactKey: Guid(17c32ea7ccfffe54ba7ff1e49b13b637) Importer(815301076,1909f56bfc062723c751e8b465ee728b)
Start importing Assets/Projekt/podnosnikofc.fbx using Guid(17c32ea7ccfffe54ba7ff1e49b13b637) Importer(815301076,1909f56bfc062723c751e8b465ee728b)  -> (artifact id: '3a4da0d6e5db968e7657eaa53397109c') in 0.074388 seconds 
========================================================================
Received Import Request.
  Time since last request: 47.410952 seconds.
  path: Assets/Projekt/podnosnikofc.fbx
  artifactKey: Guid(17c32ea7ccfffe54ba7ff1e49b13b637) Importer(815301076,1909f56bfc062723c751e8b465ee728b)
Start importing Assets/Projekt/podnosnikofc.fbx using Guid(17c32ea7ccfffe54ba7ff1e49b13b637) Importer(815301076,1909f56bfc062723c751e8b465ee728b)  -> (artifact id: 'fb490d08448247b439ef9a68dc4a9b35') in 0.029528 seconds 
========================================================================
Received Import Request.
  Time since last request: 84.058006 seconds.
  path: Assets/Projekt/pochylniaofc.fbx
  artifactKey: Guid(167d29b879a723845b62f4a1ed4b460d) Importer(815301076,1909f56bfc062723c751e8b465ee728b)
Start importing Assets/Projekt/pochylniaofc.fbx using Guid(167d29b879a723845b62f4a1ed4b460d) Importer(815301076,1909f56bfc062723c751e8b465ee728b)  -> (artifact id: '09e6c9e0ff3632322e08866b75003bb3') in 0.028473 seconds 
========================================================================
Received Import Request.
  Time since last request: 0.000033 seconds.
  path: Assets/Projekt/podnosnikofc.fbx
  artifactKey: Guid(17c32ea7ccfffe54ba7ff1e49b13b637) Importer(815301076,1909f56bfc062723c751e8b465ee728b)
Start importing Assets/Projekt/podnosnikofc.fbx using Guid(17c32ea7ccfffe54ba7ff1e49b13b637) Importer(815301076,1909f56bfc062723c751e8b465ee728b)  -> (artifact id: '9c1166dfce0a90bbe05a10fe0fcb6281') in 0.068446 seconds 
========================================================================
Received Import Request.
  Time since last request: 38.386683 seconds.
  path: Assets/Projekt/pochylniaofc.fbx
  artifactKey: Guid(167d29b879a723845b62f4a1ed4b460d) Importer(815301076,1909f56bfc062723c751e8b465ee728b)
Start importing Assets/Projekt/pochylniaofc.fbx using Guid(167d29b879a723845b62f4a1ed4b460d) Importer(815301076,1909f56bfc062723c751e8b465ee728b)  -> (artifact id: '052081ae3742c8e6b0b90a4484da01af') in 0.043550 seconds 
========================================================================
Received Import Request.
  Time since last request: 30.977319 seconds.
  path: Assets/Projekt/pochylniaofc.fbx
  artifactKey: Guid(167d29b879a723845b62f4a1ed4b460d) Importer(815301076,1909f56bfc062723c751e8b465ee728b)
Start importing Assets/Projekt/pochylniaofc.fbx using Guid(167d29b879a723845b62f4a1ed4b460d) Importer(815301076,1909f56bfc062723c751e8b465ee728b)  -> (artifact id: '2e694620872adba3ce88022295196bf4') in 0.022632 seconds 
========================================================================
Received Import Request.
  Time since last request: 64.594644 seconds.
  path: Assets/Projekt/pochylniaofc.fbx
  artifactKey: Guid(167d29b879a723845b62f4a1ed4b460d) Importer(815301076,1909f56bfc062723c751e8b465ee728b)
Start importing Assets/Projekt/pochylniaofc.fbx using Guid(167d29b879a723845b62f4a1ed4b460d) Importer(815301076,1909f56bfc062723c751e8b465ee728b)  -> (artifact id: '7216259dd470dcbc6e5278f9ef8c0424') in 0.029527 seconds 
========================================================================
Received Import Request.
  Time since last request: 344.763092 seconds.
  path: Assets/Projekt/pochylniaofc.fbx
  artifactKey: Guid(167d29b879a723845b62f4a1ed4b460d) Importer(815301076,1909f56bfc062723c751e8b465ee728b)
Start importing Assets/Projekt/pochylniaofc.fbx using Guid(167d29b879a723845b62f4a1ed4b460d) Importer(815301076,1909f56bfc062723c751e8b465ee728b)  -> (artifact id: '35effcb4408cb10480f330eaf4063037') in 0.042512 seconds 
========================================================================
Received Import Request.
  Time since last request: 167.889364 seconds.
  path: Assets/Projekt/podnosnikofc.fbx
  artifactKey: Guid(17c32ea7ccfffe54ba7ff1e49b13b637) Importer(815301076,1909f56bfc062723c751e8b465ee728b)
Start importing Assets/Projekt/podnosnikofc.fbx using Guid(17c32ea7ccfffe54ba7ff1e49b13b637) Importer(815301076,1909f56bfc062723c751e8b465ee728b)  -> (artifact id: 'ac62ab2ac83e3955223227bc18a14a07') in 0.057996 seconds 
========================================================================
Received Import Request.
  Time since last request: 45.165259 seconds.
  path: Assets/Projekt/podnosnikofc.fbx
  artifactKey: Guid(17c32ea7ccfffe54ba7ff1e49b13b637) Importer(815301076,1909f56bfc062723c751e8b465ee728b)
Start importing Assets/Projekt/podnosnikofc.fbx using Guid(17c32ea7ccfffe54ba7ff1e49b13b637) Importer(815301076,1909f56bfc062723c751e8b465ee728b)  -> (artifact id: '8a6c10bbe506a1486e85eb2200aad959') in 0.070106 seconds 
========================================================================
Received Import Request.
  Time since last request: 39.432600 seconds.
  path: Assets/Projekt/podnosnikofc.fbx
  artifactKey: Guid(17c32ea7ccfffe54ba7ff1e49b13b637) Importer(815301076,1909f56bfc062723c751e8b465ee728b)
Start importing Assets/Projekt/podnosnikofc.fbx using Guid(17c32ea7ccfffe54ba7ff1e49b13b637) Importer(815301076,1909f56bfc062723c751e8b465ee728b)  -> (artifact id: 'abd1cf2f16fcd64d6c1228a039bb40f2') in 0.062199 seconds 
========================================================================
Received Import Request.
  Time since last request: 135.915322 seconds.
  path: Assets/Projekt/podnosnikofc.fbx
  artifactKey: Guid(17c32ea7ccfffe54ba7ff1e49b13b637) Importer(815301076,1909f56bfc062723c751e8b465ee728b)
Start importing Assets/Projekt/podnosnikofc.fbx using Guid(17c32ea7ccfffe54ba7ff1e49b13b637) Importer(815301076,1909f56bfc062723c751e8b465ee728b)  -> (artifact id: 'fecd57cd6759869e55cac4fd81f5a1c6') in 0.059660 seconds 
========================================================================
Received Import Request.
  Time since last request: 164.768125 seconds.
  path: Assets/Projekt/New Material.mat
  artifactKey: Guid(b91fa36c320714f439357aeee6ce0e9f) Importer(815301076,1909f56bfc062723c751e8b465ee728b)
Start importing Assets/Projekt/New Material.mat using Guid(b91fa36c320714f439357aeee6ce0e9f) Importer(815301076,1909f56bfc062723c751e8b465ee728b)  -> (artifact id: '1f269046c0b17bc891a2797b1b39b34a') in 0.019774 seconds 
========================================================================
Received Import Request.
  Time since last request: 123.193849 seconds.
  path: Assets/Projekt/New Material.mat
  artifactKey: Guid(b91fa36c320714f439357aeee6ce0e9f) Importer(815301076,1909f56bfc062723c751e8b465ee728b)
Start importing Assets/Projekt/New Material.mat using Guid(b91fa36c320714f439357aeee6ce0e9f) Importer(815301076,1909f56bfc062723c751e8b465ee728b)  -> (artifact id: '12bf8551860233efbd767409bfa13f77') in 0.016457 seconds 
========================================================================
Received Import Request.
  Time since last request: 364.410461 seconds.
  path: Assets/Projekt/podnosnikskosnyofc.fbx
  artifactKey: Guid(e47ca89a5634ec541bf1c59a63bc9170) Importer(815301076,1909f56bfc062723c751e8b465ee728b)
Start importing Assets/Projekt/podnosnikskosnyofc.fbx using Guid(e47ca89a5634ec541bf1c59a63bc9170) Importer(815301076,1909f56bfc062723c751e8b465ee728b)  -> (artifact id: '82983e5310733da6f9c3d62e6555f66e') in 0.031357 seconds 
========================================================================
Received Import Request.
  Time since last request: 1058.860905 seconds.
  path: Assets/Projekt/rampa1ofc.fbx
  artifactKey: Guid(e94df2a1758f52b41b42672176dc9529) Importer(815301076,1909f56bfc062723c751e8b465ee728b)
Start importing Assets/Projekt/rampa1ofc.fbx using Guid(e94df2a1758f52b41b42672176dc9529) Importer(815301076,1909f56bfc062723c751e8b465ee728b)  -> (artifact id: 'bf9abbe8e963fcc07e9cb095e8c9ef41') in 0.038918 seconds 
========================================================================
Received Import Request.
  Time since last request: 2503.039003 seconds.
  path: Assets/Projekt/podnosnikofc — kopia.fbx
  artifactKey: Guid(48f221b0d3d201f4589a167c5b1d0a32) Importer(815301076,1909f56bfc062723c751e8b465ee728b)
Start importing Assets/Projekt/podnosnikofc — kopia.fbx using Guid(48f221b0d3d201f4589a167c5b1d0a32) Importer(815301076,1909f56bfc062723c751e8b465ee728b)  -> (artifact id: '6f78ccdfa277d16e8f32e0d4758adf9d') in 0.092525 seconds 
